C51 COMPILER V9.60.7.0   PLINKLED                                                          12/23/2022 04:21:32 PAGE 1   


C51 COMPILER V9.60.7.0, COMPILATION OF MODULE PLINKLED
OBJECT MODULE PLACED IN .\Objects\plinkled.obj
COMPILER INVOKED BY: C:\Keil_v5\C51\BIN\C51.EXE plinkled.c OPTIMIZE(8,SPEED) BROWSE DEBUG OBJECTEXTEND PRINT(.\Listings\
                    -plinkled.lst) TABS(2) OBJECT(.\Objects\plinkled.obj)

line level    source

   1          #include <REGX52.h>
   2          delay (unsigned int y)
   3          {
   4   1            unsigned int i,j;
   5   1            for (i-0;i<y;i++)
   6   1            {
   7   2                 for (j=0;j<1275;j++)
   8   2                  {
   9   3                  }
  10   2            }
  11   1            return 0;
  12   1          }
  13          
  14          main ()
  15          {
  16   1       while(1)
  17   1         {
  18   2            delay(100);
  19   2            P1 = 0XFF;
  20   2            delay(100);
  21   2            P1 = 0X00;
  22   2          }
  23   1        }


MODULE INFORMATION:   STATIC OVERLAYABLE
   CODE SIZE        =     59    ----
   CONSTANT SIZE    =   ----    ----
   XDATA SIZE       =   ----    ----
   PDATA SIZE       =   ----    ----
   DATA SIZE        =   ----       2
   IDATA SIZE       =   ----    ----
   BIT SIZE         =   ----    ----
END OF MODULE INFORMATION.


C51 COMPILATION COMPLETE.  0 WARNING(S),  0 ERROR(S)
